<?xml version="1.0" encoding="UTF-8"?>
<testsuite xmlns:xsi="http://www.w3.org/2001/XMLSchema-instance" xsi:noNamespaceSchemaLocation="https://maven.apache.org/surefire/maven-surefire-plugin/xsd/surefire-test-report.xsd" version="3.0.2" name="com.voting.AppTest" time="0.334" tests="4" errors="0" skipped="0" failures="0">
  <properties>
[...]
</properties>
  <testcase name="testUnderageVoter" classname="com.voting.AppTest" time="0.038"/>
  <testcase name="testNonCitizenVoter" classname="com.voting.AppTest" time="0.0"/>
  <testcase name="testEligibleVoter" classname="com.voting.AppTest" time="0.0"/>
  <testcase name="testInvalidIdVoter" classname="com.voting.AppTest" time="0.0"/>
</testsuite>